%EventDef PajeDefineContainerType 0 
%       Alias string 
%       Type string 
%       Name string 
%EndEventDef 
%EventDef PajeDefineVariableType 1 
%       Alias string 
%       Type string 
%       Name string 
%       Color color 
%EndEventDef 
%EventDef PajeDefineStateType 2 
%       Alias string 
%       Type string 
%       Name string 
%EndEventDef 
%EventDef PajeDefineEventType 3 
%       Alias string 
%       Type string 
%       Name string 
%       Color color 
%EndEventDef 
%EventDef PajeDefineLinkType 4 
%       Alias string 
%       Type string 
%       StartContainerType string 
%       EndContainerType string 
%       Name string 
%EndEventDef 
%EventDef PajeDefineEntityValue 5 
%       Alias string 
%       Type string 
%       Name string 
%       Color color 
%EndEventDef 
%EventDef PajeCreateContainer 6 
%       Time date 
%       Alias string 
%       Type string 
%       Container string 
%       Name string 
%EndEventDef 
%EventDef PajeDestroyContainer 7 
%       Time date 
%       Type string 
%       Name string 
%EndEventDef 
%EventDef PajeSetVariable 8 
%       Time date 
%       Type string 
%       Container string 
%       Value double 
%EndEventDef
%EventDef PajeAddVariable 9 
%       Time date 
%       Type string 
%       Container string 
%       Value double 
%EndEventDef
%EventDef PajeSubVariable 10 
%       Time date 
%       Type string 
%       Container string 
%       Value double 
%EndEventDef
%EventDef PajeSetState 11 
%       Time date 
%       Type string 
%       Container string 
%       Value string 
%EndEventDef
%EventDef PajePushState 12 
%       Time date 
%       Type string 
%       Container string 
%       Value string 
%EndEventDef
%EventDef PajePopState 13 
%       Time date 
%       Type string 
%       Container string 
%EndEventDef
%EventDef PajeResetState 14 
%       Time date 
%       Type string 
%       Container string 
%EndEventDef
%EventDef PajeStartLink 15 
%       Time date 
%       Type string 
%       Container string 
%       Value string 
%       StartContainer string 
%       Key string 
%EndEventDef
%EventDef PajeEndLink 16 
%       Time date 
%       Type string 
%       Container string 
%       Value string 
%       EndContainer string 
%       Key string 
%EndEventDef
%EventDef PajeNewEvent 17 
%       Time date 
%       Type string 
%       Container string 
%       Value string 
%EndEventDef
0 1 0 HOST
6 0 1 1 0 "Tremblay"
1 2 1 power "1 1 1"
6 0 2 1 0 "Jupiter"
6 0 3 1 0 "Fafard"
6 0 4 1 0 "Ginette"
6 0 5 1 0 "Bourassa"
0 3 0 LINK
6 0 6 3 0 "6"
1 4 3 bandwidth "1 1 1"
1 5 3 latency "1 1 1"
6 0 7 3 0 "3"
6 0 8 3 0 "7"
6 0 9 3 0 "9"
6 0 10 3 0 "2"
6 0 11 3 0 "8"
6 0 12 3 0 "1"
6 0 13 3 0 "4"
6 0 14 3 0 "0"
6 0 15 3 0 "5"
4 6 0 1 3 0-HOST1-LINK3
4 7 0 3 3 0-LINK3-LINK3
4 8 0 3 1 0-LINK3-HOST1
8 0 2 1 98095000.000000
8 0 2 2 76296000.000000
8 0 2 3 76296000.000000
8 0 2 4 48492000.000000
8 0 2 5 48492000.000000
8 0 4 6 41279125.000000
8 0 5 6 0.000060
8 0 4 7 34285625.000000
8 0 5 7 0.000514
8 0 4 8 11618875.000000
8 0 5 8 0.000190
8 0 4 9 7209750.000000
8 0 5 9 0.001462
8 0 4 10 118682500.000000
8 0 5 10 0.000137
8 0 4 11 8158000.000000
8 0 5 11 0.000271
8 0 4 12 34285625.000000
8 0 5 12 0.000514
8 0 4 13 10099625.000000
8 0 5 13 0.000480
8 0 4 14 41279125.000000
8 0 5 14 0.000060
8 0 4 15 27946250.000000
8 0 5 15 0.000278
15 0 6 0 G 3 0
16 0 6 0 G 11 0
15 0 7 0 G 11 1
16 0 7 0 G 12 1
15 0 7 0 G 12 2
16 0 7 0 G 14 2
15 0 7 0 G 14 3
16 0 7 0 G 10 3
15 0 7 0 G 10 4
16 0 7 0 G 7 4
15 0 7 0 G 7 5
16 0 7 0 G 13 5
15 0 8 0 G 13 6
16 0 8 0 G 1 6
15 0 7 0 G 11 7
16 0 7 0 G 6 7
15 0 7 0 G 6 8
16 0 7 0 G 8 8
15 0 8 0 G 8 9
16 0 8 0 G 5 9
15 0 7 0 G 13 10
16 0 7 0 G 9 10
15 0 8 0 G 9 11
16 0 8 0 G 2 11
15 0 7 0 G 10 12
16 0 7 0 G 15 12
15 0 8 0 G 15 13
16 0 8 0 G 4 13
15 0 7 0 G 12 14
16 0 7 0 G 6 14
15 0 6 0 G 1 15
16 0 6 0 G 9 15
15 0 7 0 G 7 16
16 0 7 0 G 15 16
1 9 3 bcompute "1 0 0"
1 10 1 pcompute "1 0 0"
1 11 3 brequest "0 1 0"
1 12 1 prequest "0 1 0"
1 13 3 bdata "0 0 1"
1 14 1 pdata "0 0 1"
1 15 3 bfinalize "0 0 0"
1 16 1 pfinalize "0 0 0"
8 0.020275 14 1 0.000000
9 0.020275 14 1 98095000.000000
10 0.020276 14 1 98095000.000000
8 0.039290 9 9 0.000000
9 0.039290 9 9 6660435.714286
10 0.039290 9 9 6660435.714286
9 0.039290 9 9 333021.785714
10 0.039290 9 9 333021.785714
8 0.039290 10 2 0.000000
9 0.039290 10 2 76296000.000000
8 0.064998 11 13 0.000000
9 0.064998 11 13 5060664.718311
8 0.064998 11 7 0.000000
9 0.064998 11 7 5060664.718311
8 0.064998 11 10 0.000000
9 0.064998 11 10 5060664.718311
8 0.064998 11 14 0.000000
9 0.064998 11 14 5060664.718311
8 0.064998 11 12 0.000000
9 0.064998 11 12 5060664.718311
8 0.064998 11 11 0.000000
9 0.064998 11 11 5060664.718311
9 0.064998 11 11 253033.235916
9 0.064998 11 12 253033.235916
9 0.064998 11 14 253033.235916
9 0.064998 11 10 253033.235916
9 0.064998 11 7 253033.235916
9 0.064998 11 13 253033.235916
10 0.065000 11 13 5060664.718311
10 0.065000 11 7 5060664.718311
10 0.065000 11 10 5060664.718311
10 0.065000 11 14 5060664.718311
10 0.065000 11 12 5060664.718311
10 0.065000 11 11 5060664.718311
10 0.065000 11 11 253033.235916
10 0.065000 11 12 253033.235916
10 0.065000 11 14 253033.235916
10 0.065000 11 10 253033.235916
10 0.065000 11 7 253033.235916
10 0.065000 11 13 253033.235916
8 0.065000 12 3 0.000000
9 0.065000 12 3 76296000.000000
10 0.065000 12 3 76296000.000000
8 0.081552 9 13 0.000000
9 0.081552 9 13 7859911.230163
10 0.081552 9 13 7859911.230163
8 0.081552 9 7 0.000000
9 0.081552 9 7 7859911.230163
10 0.081552 9 7 7859911.230163
8 0.081552 9 15 0.000000
9 0.081552 9 15 7859911.230163
10 0.081552 9 15 7859911.230163
9 0.081552 9 15 392995.561508
10 0.081552 9 15 392995.561508
9 0.081552 9 7 392995.561508
10 0.081552 9 7 392995.561508
9 0.081552 9 13 392995.561508
10 0.081552 9 13 392995.561508
8 0.081552 10 4 0.000000
9 0.081552 10 4 48492000.000000
9 0.106992 11 13 5114134.701194
9 0.106992 11 7 5114134.701194
9 0.106992 11 10 5114134.701194
9 0.106992 11 14 5114134.701194
9 0.106992 11 12 5114134.701194
8 0.106992 11 6 0.000000
9 0.106992 11 6 5114134.701194
8 0.106992 11 8 0.000000
9 0.106992 11 8 5114134.701194
9 0.106992 11 8 255706.735060
9 0.106992 11 6 255706.735060
9 0.106992 11 12 255706.735060
9 0.106992 11 14 255706.735060
9 0.106992 11 10 255706.735060
9 0.106992 11 7 255706.735060
9 0.106992 11 13 255706.735060
10 0.106993 11 13 5114134.701194
10 0.106993 11 7 5114134.701194
10 0.106993 11 10 5114134.701194
10 0.106993 11 14 5114134.701194
10 0.106993 11 12 5114134.701194
10 0.106993 11 6 5114134.701194
10 0.106993 11 8 5114134.701194
10 0.106993 11 8 255706.735060
10 0.106993 11 6 255706.735060
10 0.106993 11 12 255706.735060
10 0.106993 11 14 255706.735060
10 0.106993 11 10 255706.735060
10 0.106993 11 7 255706.735060
10 0.106993 11 13 255706.735060
8 0.106993 12 5 0.000000
9 0.106993 12 5 48492000.000000
10 0.106994 12 5 48492000.000000
8 0.107189 10 1 0.000000
9 0.107189 10 1 98095000.000000
8 0.132897 13 13 0.000000
9 0.132897 13 13 5060664.718311
8 0.132897 13 7 0.000000
9 0.132897 13 7 5060664.718311
8 0.132897 13 10 0.000000
9 0.132897 13 10 5060664.718311
8 0.132897 13 14 0.000000
9 0.132897 13 14 5060664.718311
8 0.132897 13 12 0.000000
9 0.132897 13 12 5060664.718311
8 0.132897 13 11 0.000000
9 0.132897 13 11 5060664.718311
9 0.132897 13 11 253033.235916
9 0.132897 13 12 253033.235916
9 0.132897 13 14 253033.235916
9 0.132897 13 10 253033.235916
9 0.132897 13 7 253033.235916
9 0.132897 13 13 253033.235916
10 0.170358 10 2 76296000.000000
10 0.209131 10 1 98095000.000000
10 0.287772 10 4 48492000.000000
10 2.108922 13 13 5060664.718311
10 2.108922 13 7 5060664.718311
10 2.108922 13 10 5060664.718311
10 2.108922 13 14 5060664.718311
10 2.108922 13 12 5060664.718311
10 2.108922 13 11 5060664.718311
10 2.108922 13 11 253033.235916
10 2.108922 13 12 253033.235916
10 2.108922 13 14 253033.235916
10 2.108922 13 10 253033.235916
10 2.108922 13 7 253033.235916
10 2.108922 13 13 253033.235916
8 2.108922 14 3 0.000000
9 2.108922 14 3 76296000.000000
10 2.108922 14 3 76296000.000000
9 2.134361 9 13 5114134.701194
10 2.134361 9 13 5114134.701194
9 2.134361 9 7 5114134.701194
10 2.134361 9 7 5114134.701194
8 2.134361 9 10 0.000000
9 2.134361 9 10 5114134.701194
10 2.134361 9 10 5114134.701194
8 2.134361 9 14 0.000000
9 2.134361 9 14 5114134.701194
10 2.134361 9 14 5114134.701194
8 2.134361 9 12 0.000000
9 2.134361 9 12 5114134.701194
10 2.134361 9 12 5114134.701194
8 2.134361 9 6 0.000000
9 2.134361 9 6 5114134.701194
10 2.134361 9 6 5114134.701194
8 2.134361 9 8 0.000000
9 2.134361 9 8 5114134.701194
10 2.134361 9 8 5114134.701194
9 2.134361 9 8 255706.735060
10 2.134361 9 8 255706.735060
9 2.134361 9 6 255706.735060
10 2.134361 9 6 255706.735060
9 2.134361 9 12 255706.735060
10 2.134361 9 12 255706.735060
9 2.134361 9 14 255706.735060
10 2.134361 9 14 255706.735060
9 2.134361 9 10 255706.735060
10 2.134361 9 10 255706.735060
9 2.134361 9 7 255706.735060
10 2.134361 9 7 255706.735060
9 2.134361 9 13 255706.735060
10 2.134361 9 13 255706.735060
8 2.134361 10 5 0.000000
9 2.134361 10 5 48492000.000000
8 2.153375 11 9 0.000000
9 2.153375 11 9 6660435.714286
9 2.153375 11 9 333021.785714
10 2.153377 11 9 6660435.714286
10 2.153377 11 9 333021.785714
8 2.153377 12 2 0.000000
9 2.153377 12 2 76296000.000000
10 2.153377 12 2 76296000.000000
9 2.153572 10 1 98095000.000000
9 2.170124 11 13 7859911.230163
9 2.170124 11 7 7859911.230163
8 2.170124 11 15 0.000000
9 2.170124 11 15 7859911.230163
9 2.170124 11 15 392995.561508
9 2.170124 11 7 392995.561508
9 2.170124 11 13 392995.561508
10 2.170126 11 13 7859911.230163
10 2.170126 11 7 7859911.230163
10 2.170126 11 15 7859911.230163
10 2.170126 11 15 392995.561508
10 2.170126 11 7 392995.561508
10 2.170126 11 13 392995.561508
10 2.170126 10 1 98095000.000000
8 2.170126 12 4 0.000000
9 2.170126 12 4 48492000.000000
9 2.170126 10 1 98095000.000000
10 2.170126 12 4 48492000.000000
9 2.195834 9 13 5060664.718311
10 2.195834 9 13 5060664.718311
9 2.195834 9 7 5060664.718311
10 2.195834 9 7 5060664.718311
9 2.195834 9 10 5060664.718311
10 2.195834 9 10 5060664.718311
9 2.195834 9 14 5060664.718311
10 2.195834 9 14 5060664.718311
9 2.195834 9 12 5060664.718311
10 2.195834 9 12 5060664.718311
8 2.195834 9 11 0.000000
9 2.195834 9 11 5060664.718311
10 2.195834 9 11 5060664.718311
9 2.195834 9 11 253033.235916
10 2.195834 9 11 253033.235916
9 2.195834 9 12 253033.235916
10 2.195834 9 12 253033.235916
9 2.195834 9 14 253033.235916
10 2.195834 9 14 253033.235916
9 2.195834 9 10 253033.235916
10 2.195834 9 10 253033.235916
9 2.195834 9 7 253033.235916
10 2.195834 9 7 253033.235916
9 2.195834 9 13 253033.235916
10 2.195834 9 13 253033.235916
10 2.195834 10 1 98095000.000000
9 2.195834 10 1 98095000.000000
8 2.195834 10 3 0.000000
9 2.195834 10 3 76296000.000000
8 2.214848 13 9 0.000000
9 2.214848 13 9 6660435.714286
9 2.214848 13 9 333021.785714
10 2.255514 10 1 98095000.000000
10 2.326902 10 3 76296000.000000
10 2.340581 10 5 48492000.000000
10 3.716251 13 9 6660435.714286
10 3.716251 13 9 333021.785714
8 3.716251 14 2 0.000000
9 3.716251 14 2 76296000.000000
10 3.716251 14 2 76296000.000000
9 3.732804 9 13 7859911.230163
10 3.732804 9 13 7859911.230163
9 3.732804 9 7 7859911.230163
10 3.732804 9 7 7859911.230163
9 3.732804 9 15 7859911.230163
10 3.732804 9 15 7859911.230163
9 3.732804 9 15 392995.561508
10 3.732804 9 15 392995.561508
9 3.732804 9 7 392995.561508
10 3.732804 9 7 392995.561508
9 3.732804 9 13 392995.561508
10 3.732804 9 13 392995.561508
9 3.732804 10 4 48492000.000000
8 3.732999 12 1 0.000000
9 3.732999 12 1 98095000.000000
10 3.732999 12 1 98095000.000000
9 3.758707 9 13 5060664.718311
10 3.758707 9 13 5060664.718311
9 3.758707 9 7 5060664.718311
10 3.758707 9 7 5060664.718311
9 3.758707 9 10 5060664.718311
10 3.758707 9 10 5060664.718311
9 3.758707 9 14 5060664.718311
10 3.758707 9 14 5060664.718311
9 3.758707 9 12 5060664.718311
10 3.758707 9 12 5060664.718311
9 3.758707 9 11 5060664.718311
10 3.758707 9 11 5060664.718311
9 3.758707 9 11 253033.235916
10 3.758707 9 11 253033.235916
9 3.758707 9 12 253033.235916
10 3.758707 9 12 253033.235916
9 3.758707 9 14 253033.235916
10 3.758707 9 14 253033.235916
9 3.758707 9 10 253033.235916
10 3.758707 9 10 253033.235916
9 3.758707 9 7 253033.235916
10 3.758707 9 7 253033.235916
9 3.758707 9 13 253033.235916
10 3.758707 9 13 253033.235916
9 3.758707 10 3 76296000.000000
9 3.784146 11 13 5114134.701194
9 3.784146 11 7 5114134.701194
9 3.784146 11 10 5114134.701194
9 3.784146 11 14 5114134.701194
9 3.784146 11 12 5114134.701194
9 3.784146 11 6 5114134.701194
9 3.784146 11 8 5114134.701194
9 3.784146 11 8 255706.735060
9 3.784146 11 6 255706.735060
9 3.784146 11 12 255706.735060
9 3.784146 11 14 255706.735060
9 3.784146 11 10 255706.735060
9 3.784146 11 7 255706.735060
9 3.784146 11 13 255706.735060
10 3.784148 11 13 5114134.701194
10 3.784148 11 7 5114134.701194
10 3.784148 11 10 5114134.701194
10 3.784148 11 14 5114134.701194
10 3.784148 11 12 5114134.701194
10 3.784148 11 6 5114134.701194
10 3.784148 11 8 5114134.701194
10 3.784148 11 8 255706.735060
10 3.784148 11 6 255706.735060
10 3.784148 11 12 255706.735060
10 3.784148 11 14 255706.735060
10 3.784148 11 10 255706.735060
10 3.784148 11 7 255706.735060
10 3.784148 11 13 255706.735060
9 3.784148 12 5 48492000.000000
10 3.784148 12 5 48492000.000000
9 3.803163 9 9 6660435.714286
10 3.803163 9 9 6660435.714286
9 3.803163 9 9 333021.785714
10 3.803163 9 9 333021.785714
9 3.803163 10 2 76296000.000000
9 3.823438 14 1 98095000.000000
10 3.823438 14 1 98095000.000000
9 3.848877 9 13 5114134.701194
10 3.848877 9 13 5114134.701194
9 3.848877 9 7 5114134.701194
10 3.848877 9 7 5114134.701194
9 3.848877 9 10 5114134.701194
10 3.848877 9 10 5114134.701194
9 3.848877 9 14 5114134.701194
10 3.848877 9 14 5114134.701194
9 3.848877 9 12 5114134.701194
10 3.848877 9 12 5114134.701194
9 3.848877 9 6 5114134.701194
10 3.848877 9 6 5114134.701194
9 3.848877 9 8 5114134.701194
10 3.848877 9 8 5114134.701194
9 3.848877 9 8 255706.735060
10 3.848877 9 8 255706.735060
9 3.848877 9 6 255706.735060
10 3.848877 9 6 255706.735060
9 3.848877 9 12 255706.735060
10 3.848877 9 12 255706.735060
9 3.848877 9 14 255706.735060
10 3.848877 9 14 255706.735060
9 3.848877 9 10 255706.735060
10 3.848877 9 10 255706.735060
9 3.848877 9 7 255706.735060
10 3.848877 9 7 255706.735060
9 3.848877 9 13 255706.735060
10 3.848877 9 13 255706.735060
9 3.848877 10 5 48492000.000000
10 3.889775 10 3 76296000.000000
10 3.934231 10 2 76296000.000000
10 3.939023 10 4 48492000.000000
8 3.969948 15 13 0.000000
9 3.969948 15 13 7859911.230163
8 3.969948 15 7 0.000000
9 3.969948 15 7 7859911.230163
8 3.969948 15 15 0.000000
9 3.969948 15 15 7859911.230163
9 3.969948 15 15 392995.561508
9 3.969948 15 7 392995.561508
9 3.969948 15 13 392995.561508
10 3.970075 15 13 7859911.230163
10 3.970075 15 7 7859911.230163
10 3.970075 15 15 7859911.230163
10 3.970075 15 15 392995.561508
10 3.970075 15 7 392995.561508
10 3.970075 15 13 392995.561508
10 4.055097 10 5 48492000.000000
7 4.080732 1 3
7 4.080732 1 1
7 4.080732 3 14
7 4.080732 3 12
7 4.080732 3 10
7 4.080732 3 7
7 4.080732 3 13
7 4.080732 3 15
7 4.080732 3 6
7 4.080732 3 8
7 4.080732 3 11
7 4.080732 3 9
7 4.080732 1 5
7 4.080732 1 2
7 4.080732 1 4
