#POTI_GIT_VERSION 933df0b adding an AUTHORS file (debian guidelines)
#POTI_GIT_DATE (date of the cmake configuration) 2013-03-19 10:38:39 -0300
%EventDef PajeDefineContainerType 0
%       Alias string
%       Type string
%       Name string
%EndEventDef
%EventDef PajeDefineVariableType 1
%       Alias string
%       Type string
%       Name string
%       Color color
%EndEventDef
%EventDef PajeDefineStateType 2
%       Alias string
%       Type string
%       Name string
%EndEventDef
%EventDef PajeDefineEventType 3
%       Alias string
%       Type string
%       Name string
%EndEventDef
%EventDef PajeDefineLinkType 4
%       Alias string
%       Type string
%       StartContainerType string
%       EndContainerType string
%       Name string
%EndEventDef
%EventDef PajeDefineEntityValue 5
%       Alias string
%       Type string
%       Name string
%       Color color
%EndEventDef
%EventDef PajeCreateContainer 6
%       Time date
%       Alias string
%       Type string
%       Container string
%       Name string
%EndEventDef
%EventDef PajeDestroyContainer 7
%       Time date
%       Type string
%       Name string
%EndEventDef
%EventDef PajeSetVariable 8
%       Time date
%       Container string
%       Type string
%       Value double
%EndEventDef
%EventDef PajeAddVariable 9
%       Time date
%       Container string
%       Type string
%       Value double
%EndEventDef
%EventDef PajeSubVariable 10
%       Time date
%       Container string
%       Type string
%       Value double
%EndEventDef
%EventDef PajeSetState 11
%       Time date
%       Container string
%       Type string
%       Value string
%EndEventDef
%EventDef PajePushState 12
%       Time date
%       Container string
%       Type string
%       Value string
%EndEventDef
%EventDef PajePopState 14
%       Time date
%       Container string
%       Type string
%EndEventDef
%EventDef PajeResetState 15
%       Time date
%       Type string
%       Container string
%EndEventDef
%EventDef PajeStartLink 16
%       Time date
%       Container string
%       Type string
%       StartContainer string
%       Value string
%       Key string
%EndEventDef
%EventDef PajeEndLink 19
%       Time date
%       Container string
%       Type string
%       EndContainer string
%       Value string
%       Key string
%EndEventDef
%EventDef PajeNewEvent 20
%       Time date
%       Container string
%       Type string
%       Value string
%EndEventDef
#
# Extended events with additional information
# Note that not all paje file format parsers support this
# If you have problems parsing this file with your visualization tool
#
%EventDef PajePushState 13
%       Time date
%       Container string
%       Type string
%       Value string
%       Mark string
%EndEventDef
%EventDef PajeStartLink 17
%       Time date
%       Container string
%       Type string
%       StartContainer string
%       Value string
%       Key string
%       Size double
%EndEventDef
%EventDef PajeStartLink 18
%       Time date
%       Container string
%       Type string
%       StartContainer string
%       Value string
%       Key string
%       Size double
%       Mark string
%EndEventDef
0 PROCESS 0 "PROCESS"
4 LINK 0 PROCESS PROCESS "LINK"
6 0.000000000 p1 PROCESS 0 "p1"
6 0.000000000 p2 PROCESS 0 "p2"
6 0.000000000 p3 PROCESS 0 "p3"
16 0.240000000 0 LINK p1 c myKey-001
19 1.020000000 0 LINK p2 c myKey-001
16 1.040000000 0 LINK p1 c myKey-002
19 2.100000000 0 LINK p3 c myKey-002
