%EventDef PajeDefineContainerType 0 
%       Alias string 
%       Type string 
%       Name string 
%EndEventDef 
%EventDef PajeDefineVariableType 1 
%       Alias string 
%       Type string 
%       Name string 
%       Color color 
%EndEventDef 
%EventDef PajeDefineStateType 2 
%       Alias string 
%       Type string 
%       Name string 
%EndEventDef 
%EventDef PajeDefineEventType 3 
%       Alias string 
%       Type string 
%       Name string 
%       Color color 
%EndEventDef 
%EventDef PajeDefineLinkType 4 
%       Alias string 
%       Type string 
%       StartContainerType string 
%       EndContainerType string 
%       Name string 
%EndEventDef 
%EventDef PajeDefineEntityValue 5 
%       Alias string 
%       Type string 
%       Name string 
%       Color color 
%EndEventDef 
%EventDef PajeCreateContainer 6 
%       Time date 
%       Alias string 
%       Type string 
%       Container string 
%       Name string 
%EndEventDef 
%EventDef PajeDestroyContainer 7 
%       Time date 
%       Type string 
%       Name string 
%EndEventDef 
%EventDef PajeSetVariable 8 
%       Time date 
%       Type string 
%       Container string 
%       Value double 
%EndEventDef
%EventDef PajeAddVariable 9 
%       Time date 
%       Type string 
%       Container string 
%       Value double 
%EndEventDef
%EventDef PajeSubVariable 10 
%       Time date 
%       Type string 
%       Container string 
%       Value double 
%EndEventDef
%EventDef PajeSetState 11 
%       Time date 
%       Type string 
%       Container string 
%       Value string 
%EndEventDef
%EventDef PajePushState 12 
%       Time date 
%       Type string 
%       Container string 
%       Value string 
%EndEventDef
%EventDef PajePopState 13 
%       Time date 
%       Type string 
%       Container string 
%EndEventDef
%EventDef PajeResetState 14 
%       Time date 
%       Type string 
%       Container string 
%EndEventDef
%EventDef PajeStartLink 15 
%       Time date 
%       Type string 
%       Container string 
%       Value string 
%       StartContainer string 
%       Key string 
%EndEventDef
%EventDef PajeEndLink 16 
%       Time date 
%       Type string 
%       Container string 
%       Value string 
%       EndContainer string 
%       Key string 
%EndEventDef
%EventDef PajeNewEvent 17 
%       Time date 
%       Type string 
%       Container string 
%       Value string 
%EndEventDef
0 1 0 HOST
6 0 1 1 0 "Tremblay"
1 2 1 power "1 1 1"
1 3 1 power_used "0.5 0.5 0.5"
6 0 2 1 0 "Jupiter"
6 0 3 1 0 "Fafard"
6 0 4 1 0 "Ginette"
6 0 5 1 0 "Bourassa"
0 4 0 LINK
6 0 6 4 0 "6"
1 5 4 bandwidth "1 1 1"
1 6 4 latency "1 1 1"
1 7 4 bandwidth_used "0.5 0.5 0.5"
6 0 7 4 0 "3"
6 0 8 4 0 "7"
6 0 9 4 0 "9"
6 0 10 4 0 "2"
6 0 11 4 0 "8"
6 0 12 4 0 "1"
6 0 13 4 0 "4"
6 0 14 4 0 "0"
6 0 15 4 0 "5"
4 8 0 1 4 0-HOST1-LINK4
4 9 0 4 4 0-LINK4-LINK4
4 10 0 4 1 0-LINK4-HOST1
8 0 2 1 98095000.000000
8 0 2 2 76296000.000000
8 0 2 3 76296000.000000
8 0 2 4 48492000.000000
8 0 2 5 48492000.000000
8 0 5 6 41279125.000000
8 0 6 6 0.000060
8 0 5 7 34285625.000000
8 0 6 7 0.000514
8 0 5 8 11618875.000000
8 0 6 8 0.000190
8 0 5 9 7209750.000000
8 0 6 9 0.001462
8 0 5 10 118682500.000000
8 0 6 10 0.000137
8 0 5 11 8158000.000000
8 0 6 11 0.000271
8 0 5 12 34285625.000000
8 0 6 12 0.000514
8 0 5 13 10099625.000000
8 0 6 13 0.000480
8 0 5 14 41279125.000000
8 0 6 14 0.000060
8 0 5 15 27946250.000000
8 0 6 15 0.000278
15 0 8 0 G 3 0
16 0 8 0 G 11 0
15 0 9 0 G 11 1
16 0 9 0 G 12 1
15 0 9 0 G 12 2
16 0 9 0 G 14 2
15 0 9 0 G 14 3
16 0 9 0 G 10 3
15 0 9 0 G 10 4
16 0 9 0 G 7 4
15 0 9 0 G 7 5
16 0 9 0 G 13 5
15 0 10 0 G 13 6
16 0 10 0 G 1 6
15 0 9 0 G 11 7
16 0 9 0 G 6 7
15 0 9 0 G 6 8
16 0 9 0 G 8 8
15 0 10 0 G 8 9
16 0 10 0 G 5 9
15 0 9 0 G 13 10
16 0 9 0 G 9 10
15 0 10 0 G 9 11
16 0 10 0 G 2 11
15 0 9 0 G 10 12
16 0 9 0 G 15 12
15 0 10 0 G 15 13
16 0 10 0 G 4 13
15 0 9 0 G 12 14
16 0 9 0 G 6 14
15 0 8 0 G 1 15
16 0 8 0 G 9 15
15 0 9 0 G 7 16
16 0 9 0 G 15 16
1 11 1 is_slave "1 1 1"
1 12 1 is_master "1 1 1"
1 13 1 task_creation "1 1 1"
1 14 1 task_computation "1 1 1"
3 15 0 msmark "1 1 1"
5 16 15 start_send_tasks "1 1 1"
5 17 15 finish_send_tasks "1 1 1"
1 18 4 bcompute "1 0 0"
1 19 1 pcompute "1 0 0"
1 20 4 bfinalize "0 1 0"
1 21 1 pfinalize "0 1 0"
1 22 4 brequest "0.000000 0.000985 0.041631"
1 23 1 prequest "0.000000 0.000985 0.041631"
1 24 4 breport "0.176643 0.364602 0.091331"
1 25 1 preport "0.176643 0.364602 0.091331"
8 0 12 1 1.000000
17 0 15 0 16
8 0 13 1 0.000000
8 0 11 1 1.000000
8 0 14 1 0.000000
8 0 11 2 1.000000
8 0 14 2 0.000000
8 0 11 3 1.000000
8 0 14 3 0.000000
8 0 11 4 1.000000
8 0 14 4 0.000000
8 0 11 5 1.000000
8 0 14 5 0.000000
9 0.002203 14 1 50000000.000000
8 0.002203 13 1 1.000000
8 0.002203 3 1 0.000000
9 0.002203 3 1 98095000.000000
8 0.002203 19 1 0.000000
9 0.002203 19 1 98095000.000000
8 0.021218 7 9 0.000000
9 0.021218 7 9 6660435.714286
8 0.021218 18 9 0.000000
9 0.021218 18 9 6660435.714286
9 0.021218 7 9 333021.785714
9 0.021218 18 9 333021.785714
10 0.171358 7 9 6660435.714286
10 0.171358 18 9 6660435.714286
10 0.171358 7 9 333021.785714
10 0.171358 18 9 333021.785714
9 0.171358 14 2 50000000.000000
8 0.171358 13 1 2.000000
10 0.171358 3 1 98095000.000000
10 0.171358 19 1 98095000.000000
9 0.171358 3 1 98095000.000000
9 0.171358 19 1 98095000.000000
8 0.171358 3 2 0.000000
9 0.171358 3 2 76296000.000000
8 0.171358 19 2 0.000000
9 0.171358 19 2 76296000.000000
8 0.197066 7 13 0.000000
9 0.197066 7 13 5060664.718311
8 0.197066 18 13 0.000000
9 0.197066 18 13 5060664.718311
8 0.197066 7 7 0.000000
9 0.197066 7 7 5060664.718311
8 0.197066 18 7 0.000000
9 0.197066 18 7 5060664.718311
8 0.197066 7 10 0.000000
9 0.197066 7 10 5060664.718311
8 0.197066 18 10 0.000000
9 0.197066 18 10 5060664.718311
8 0.197066 7 14 0.000000
9 0.197066 7 14 5060664.718311
8 0.197066 18 14 0.000000
9 0.197066 18 14 5060664.718311
8 0.197066 7 12 0.000000
9 0.197066 7 12 5060664.718311
8 0.197066 18 12 0.000000
9 0.197066 18 12 5060664.718311
8 0.197066 7 11 0.000000
9 0.197066 7 11 5060664.718311
8 0.197066 18 11 0.000000
9 0.197066 18 11 5060664.718311
9 0.197066 7 11 253033.235916
9 0.197066 18 11 253033.235916
9 0.197066 7 12 253033.235916
9 0.197066 18 12 253033.235916
9 0.197066 7 14 253033.235916
9 0.197066 18 14 253033.235916
9 0.197066 7 10 253033.235916
9 0.197066 18 10 253033.235916
9 0.197066 7 7 253033.235916
9 0.197066 18 7 253033.235916
9 0.197066 7 13 253033.235916
9 0.197066 18 13 253033.235916
10 0.394668 7 13 5060664.718311
10 0.394668 18 13 5060664.718311
10 0.394668 7 7 5060664.718311
10 0.394668 18 7 5060664.718311
10 0.394668 7 10 5060664.718311
10 0.394668 18 10 5060664.718311
10 0.394668 7 14 5060664.718311
10 0.394668 18 14 5060664.718311
10 0.394668 7 12 5060664.718311
10 0.394668 18 12 5060664.718311
10 0.394668 7 11 5060664.718311
10 0.394668 18 11 5060664.718311
10 0.394668 7 11 253033.235916
10 0.394668 18 11 253033.235916
10 0.394668 7 12 253033.235916
10 0.394668 18 12 253033.235916
10 0.394668 7 14 253033.235916
10 0.394668 18 14 253033.235916
10 0.394668 7 10 253033.235916
10 0.394668 18 10 253033.235916
10 0.394668 7 7 253033.235916
10 0.394668 18 7 253033.235916
10 0.394668 7 13 253033.235916
10 0.394668 18 13 253033.235916
9 0.394668 14 3 50000000.000000
8 0.394668 13 1 3.000000
10 0.394668 3 1 98095000.000000
10 0.394668 19 1 98095000.000000
9 0.394668 3 1 98095000.000000
9 0.394668 19 1 98095000.000000
8 0.394668 3 3 0.000000
9 0.394668 3 3 76296000.000000
8 0.394668 19 3 0.000000
9 0.394668 19 3 76296000.000000
9 0.411221 7 13 7859911.230163
9 0.411221 18 13 7859911.230163
9 0.411221 7 7 7859911.230163
9 0.411221 18 7 7859911.230163
8 0.411221 7 15 0.000000
9 0.411221 7 15 7859911.230163
8 0.411221 18 15 0.000000
9 0.411221 18 15 7859911.230163
9 0.411221 7 15 392995.561508
9 0.411221 18 15 392995.561508
9 0.411221 7 7 392995.561508
9 0.411221 18 7 392995.561508
9 0.411221 7 13 392995.561508
9 0.411221 18 13 392995.561508
10 0.511913 3 1 98095000.000000
10 0.511913 19 1 98095000.000000
10 0.538449 7 13 7859911.230163
10 0.538449 18 13 7859911.230163
10 0.538449 7 7 7859911.230163
10 0.538449 18 7 7859911.230163
10 0.538449 7 15 7859911.230163
10 0.538449 18 15 7859911.230163
10 0.538449 7 15 392995.561508
10 0.538449 18 15 392995.561508
10 0.538449 7 7 392995.561508
10 0.538449 18 7 392995.561508
10 0.538449 7 13 392995.561508
10 0.538449 18 13 392995.561508
9 0.538449 14 4 50000000.000000
8 0.538449 13 1 4.000000
8 0.538449 3 4 0.000000
9 0.538449 3 4 48492000.000000
8 0.538449 19 4 0.000000
9 0.538449 19 4 48492000.000000
9 0.563888 7 13 5114134.701194
9 0.563888 18 13 5114134.701194
9 0.563888 7 7 5114134.701194
9 0.563888 18 7 5114134.701194
9 0.563888 7 10 5114134.701194
9 0.563888 18 10 5114134.701194
9 0.563888 7 14 5114134.701194
9 0.563888 18 14 5114134.701194
9 0.563888 7 12 5114134.701194
9 0.563888 18 12 5114134.701194
8 0.563888 7 6 0.000000
9 0.563888 7 6 5114134.701194
8 0.563888 18 6 0.000000
9 0.563888 18 6 5114134.701194
8 0.563888 7 8 0.000000
9 0.563888 7 8 5114134.701194
8 0.563888 18 8 0.000000
9 0.563888 18 8 5114134.701194
9 0.563888 7 8 255706.735060
9 0.563888 18 8 255706.735060
9 0.563888 7 6 255706.735060
9 0.563888 18 6 255706.735060
9 0.563888 7 12 255706.735060
9 0.563888 18 12 255706.735060
9 0.563888 7 14 255706.735060
9 0.563888 18 14 255706.735060
9 0.563888 7 10 255706.735060
9 0.563888 18 10 255706.735060
9 0.563888 7 7 255706.735060
9 0.563888 18 7 255706.735060
9 0.563888 7 13 255706.735060
9 0.563888 18 13 255706.735060
10 0.759424 7 13 5114134.701194
10 0.759424 18 13 5114134.701194
10 0.759424 7 7 5114134.701194
10 0.759424 18 7 5114134.701194
10 0.759424 7 10 5114134.701194
10 0.759424 18 10 5114134.701194
10 0.759424 7 14 5114134.701194
10 0.759424 18 14 5114134.701194
10 0.759424 7 12 5114134.701194
10 0.759424 18 12 5114134.701194
10 0.759424 7 6 5114134.701194
10 0.759424 18 6 5114134.701194
10 0.759424 7 8 5114134.701194
10 0.759424 18 8 5114134.701194
10 0.759424 7 8 255706.735060
10 0.759424 18 8 255706.735060
10 0.759424 7 6 255706.735060
10 0.759424 18 6 255706.735060
10 0.759424 7 12 255706.735060
10 0.759424 18 12 255706.735060
10 0.759424 7 14 255706.735060
10 0.759424 18 14 255706.735060
10 0.759424 7 10 255706.735060
10 0.759424 18 10 255706.735060
10 0.759424 7 7 255706.735060
10 0.759424 18 7 255706.735060
10 0.759424 7 13 255706.735060
10 0.759424 18 13 255706.735060
9 0.759424 14 5 50000000.000000
8 0.759424 13 1 5.000000
8 0.759424 3 5 0.000000
9 0.759424 3 5 48492000.000000
8 0.759424 19 5 0.000000
9 0.759424 19 5 48492000.000000
9 0.761628 14 1 50000000.000000
8 0.761628 13 1 6.000000
9 0.761628 3 1 98095000.000000
9 0.761628 19 1 98095000.000000
10 0.826700 3 2 76296000.000000
10 0.826700 19 2 76296000.000000
9 0.845715 7 9 6660435.714286
9 0.845715 7 9 333021.785714
10 0.995855 7 9 6660435.714286
10 0.995855 7 9 333021.785714
8 0.995855 13 1 7.000000
9 0.995855 14 2 50000000.000000
10 0.995855 3 1 98095000.000000
10 0.995855 19 1 98095000.000000
9 0.995855 3 1 98095000.000000
9 0.995855 19 1 98095000.000000
9 0.995855 3 2 76296000.000000
9 0.995855 19 2 76296000.000000
10 1.050011 3 3 76296000.000000
10 1.050011 19 3 76296000.000000
9 1.075719 7 13 5060664.718311
9 1.075719 7 7 5060664.718311
9 1.075719 7 10 5060664.718311
9 1.075719 7 14 5060664.718311
9 1.075719 7 12 5060664.718311
9 1.075719 7 11 5060664.718311
9 1.075719 7 11 253033.235916
9 1.075719 7 12 253033.235916
9 1.075719 7 14 253033.235916
9 1.075719 7 10 253033.235916
9 1.075719 7 7 253033.235916
9 1.075719 7 13 253033.235916
10 1.271338 3 1 98095000.000000
10 1.271338 19 1 98095000.000000
10 1.273321 7 13 5060664.718311
10 1.273321 7 7 5060664.718311
10 1.273321 7 10 5060664.718311
10 1.273321 7 14 5060664.718311
10 1.273321 7 12 5060664.718311
10 1.273321 7 11 5060664.718311
10 1.273321 7 11 253033.235916
10 1.273321 7 12 253033.235916
10 1.273321 7 14 253033.235916
10 1.273321 7 10 253033.235916
10 1.273321 7 7 253033.235916
10 1.273321 7 13 253033.235916
8 1.273321 13 1 8.000000
9 1.273321 14 3 50000000.000000
9 1.273321 3 3 76296000.000000
9 1.273321 19 3 76296000.000000
9 1.275525 14 1 50000000.000000
8 1.275525 13 1 9.000000
9 1.275525 3 1 98095000.000000
9 1.275525 19 1 98095000.000000
10 1.569547 3 4 48492000.000000
10 1.569547 19 4 48492000.000000
9 1.586099 7 13 7859911.230163
9 1.586099 7 7 7859911.230163
9 1.586099 7 15 7859911.230163
9 1.586099 7 15 392995.561508
9 1.586099 7 7 392995.561508
9 1.586099 7 13 392995.561508
10 1.651197 3 2 76296000.000000
10 1.651197 19 2 76296000.000000
10 1.713327 7 13 7859911.230163
10 1.713327 7 7 7859911.230163
10 1.713327 7 15 7859911.230163
10 1.713327 7 15 392995.561508
10 1.713327 7 7 392995.561508
10 1.713327 7 13 392995.561508
8 1.713327 13 1 10.000000
9 1.713327 14 4 50000000.000000
10 1.713327 3 1 98095000.000000
10 1.713327 19 1 98095000.000000
9 1.713327 3 1 98095000.000000
9 1.713327 19 1 98095000.000000
9 1.713327 3 4 48492000.000000
9 1.713327 19 4 48492000.000000
9 1.732341 7 9 6660435.714286
9 1.732341 18 9 6660435.714286
9 1.732341 7 9 333021.785714
9 1.732341 18 9 333021.785714
10 1.785235 3 1 98095000.000000
10 1.785235 19 1 98095000.000000
10 1.790522 3 5 48492000.000000
10 1.790522 19 5 48492000.000000
10 1.882482 7 9 6660435.714286
10 1.882482 18 9 6660435.714286
10 1.882482 7 9 333021.785714
10 1.882482 18 9 333021.785714
9 1.882482 14 2 50000000.000000
8 1.882482 13 1 11.000000
9 1.882482 3 2 76296000.000000
9 1.882482 19 2 76296000.000000
9 1.884685 14 1 50000000.000000
8 1.884685 13 1 12.000000
9 1.884685 3 1 98095000.000000
9 1.884685 19 1 98095000.000000
9 1.910124 7 13 5114134.701194
9 1.910124 18 13 5114134.701194
9 1.910124 7 7 5114134.701194
9 1.910124 18 7 5114134.701194
9 1.910124 7 10 5114134.701194
9 1.910124 18 10 5114134.701194
9 1.910124 7 14 5114134.701194
9 1.910124 18 14 5114134.701194
9 1.910124 7 12 5114134.701194
9 1.910124 18 12 5114134.701194
9 1.910124 7 6 5114134.701194
9 1.910124 18 6 5114134.701194
9 1.910124 7 8 5114134.701194
9 1.910124 18 8 5114134.701194
9 1.910124 7 8 255706.735060
9 1.910124 18 8 255706.735060
9 1.910124 7 6 255706.735060
9 1.910124 18 6 255706.735060
9 1.910124 7 12 255706.735060
9 1.910124 18 12 255706.735060
9 1.910124 7 14 255706.735060
9 1.910124 18 14 255706.735060
9 1.910124 7 10 255706.735060
9 1.910124 18 10 255706.735060
9 1.910124 7 7 255706.735060
9 1.910124 18 7 255706.735060
9 1.910124 7 13 255706.735060
9 1.910124 18 13 255706.735060
10 1.928664 3 3 76296000.000000
10 1.928664 19 3 76296000.000000
10 2.105660 7 13 5114134.701194
10 2.105660 18 13 5114134.701194
10 2.105660 7 7 5114134.701194
10 2.105660 18 7 5114134.701194
10 2.105660 7 10 5114134.701194
10 2.105660 18 10 5114134.701194
10 2.105660 7 14 5114134.701194
10 2.105660 18 14 5114134.701194
10 2.105660 7 12 5114134.701194
10 2.105660 18 12 5114134.701194
10 2.105660 7 6 5114134.701194
10 2.105660 18 6 5114134.701194
10 2.105660 7 8 5114134.701194
10 2.105660 18 8 5114134.701194
10 2.105660 7 8 255706.735060
10 2.105660 18 8 255706.735060
10 2.105660 7 6 255706.735060
10 2.105660 18 6 255706.735060
10 2.105660 7 12 255706.735060
10 2.105660 18 12 255706.735060
10 2.105660 7 14 255706.735060
10 2.105660 18 14 255706.735060
10 2.105660 7 10 255706.735060
10 2.105660 18 10 255706.735060
10 2.105660 7 7 255706.735060
10 2.105660 18 7 255706.735060
10 2.105660 7 13 255706.735060
10 2.105660 18 13 255706.735060
9 2.105660 14 5 50000000.000000
8 2.105660 13 1 13.000000
10 2.105660 3 1 98095000.000000
10 2.105660 19 1 98095000.000000
9 2.105660 3 1 98095000.000000
9 2.105660 19 1 98095000.000000
9 2.105660 3 5 48492000.000000
9 2.105660 19 5 48492000.000000
9 2.131369 7 13 5060664.718311
9 2.131369 18 13 5060664.718311
9 2.131369 7 7 5060664.718311
9 2.131369 18 7 5060664.718311
9 2.131369 7 10 5060664.718311
9 2.131369 18 10 5060664.718311
9 2.131369 7 14 5060664.718311
9 2.131369 18 14 5060664.718311
9 2.131369 7 12 5060664.718311
9 2.131369 18 12 5060664.718311
9 2.131369 7 11 5060664.718311
9 2.131369 18 11 5060664.718311
9 2.131369 7 11 253033.235916
9 2.131369 18 11 253033.235916
9 2.131369 7 12 253033.235916
9 2.131369 18 12 253033.235916
9 2.131369 7 14 253033.235916
9 2.131369 18 14 253033.235916
9 2.131369 7 10 253033.235916
9 2.131369 18 10 253033.235916
9 2.131369 7 7 253033.235916
9 2.131369 18 7 253033.235916
9 2.131369 7 13 253033.235916
9 2.131369 18 13 253033.235916
10 2.328971 7 13 5060664.718311
10 2.328971 18 13 5060664.718311
10 2.328971 7 7 5060664.718311
10 2.328971 18 7 5060664.718311
10 2.328971 7 10 5060664.718311
10 2.328971 18 10 5060664.718311
10 2.328971 7 14 5060664.718311
10 2.328971 18 14 5060664.718311
10 2.328971 7 12 5060664.718311
10 2.328971 18 12 5060664.718311
10 2.328971 7 11 5060664.718311
10 2.328971 18 11 5060664.718311
10 2.328971 7 11 253033.235916
10 2.328971 18 11 253033.235916
10 2.328971 7 12 253033.235916
10 2.328971 18 12 253033.235916
10 2.328971 7 14 253033.235916
10 2.328971 18 14 253033.235916
10 2.328971 7 10 253033.235916
10 2.328971 18 10 253033.235916
10 2.328971 7 7 253033.235916
10 2.328971 18 7 253033.235916
10 2.328971 7 13 253033.235916
10 2.328971 18 13 253033.235916
9 2.328971 14 3 50000000.000000
8 2.328971 13 1 14.000000
10 2.328971 3 1 98095000.000000
10 2.328971 19 1 98095000.000000
9 2.328971 3 1 98095000.000000
9 2.328971 19 1 98095000.000000
9 2.328971 3 3 76296000.000000
9 2.328971 19 3 76296000.000000
10 2.394395 3 1 98095000.000000
10 2.394395 19 1 98095000.000000
8 2.396598 13 1 15.000000
9 2.396598 14 1 50000000.000000
9 2.396598 3 1 98095000.000000
9 2.396598 19 1 98095000.000000
10 2.537824 3 2 76296000.000000
10 2.537824 19 2 76296000.000000
9 2.556838 7 9 6660435.714286
9 2.556838 7 9 333021.785714
10 2.706979 7 9 6660435.714286
10 2.706979 7 9 333021.785714
8 2.706979 13 1 16.000000
9 2.706979 14 2 50000000.000000
10 2.706979 3 1 98095000.000000
10 2.706979 19 1 98095000.000000
9 2.706979 3 1 98095000.000000
9 2.706979 19 1 98095000.000000
9 2.706979 3 2 76296000.000000
9 2.706979 19 2 76296000.000000
10 2.744425 3 4 48492000.000000
10 2.744425 19 4 48492000.000000
9 2.760977 7 13 7859911.230163
9 2.760977 7 7 7859911.230163
9 2.760977 7 15 7859911.230163
9 2.760977 7 15 392995.561508
9 2.760977 7 7 392995.561508
9 2.760977 7 13 392995.561508
10 2.888205 7 13 7859911.230163
10 2.888205 7 7 7859911.230163
10 2.888205 7 15 7859911.230163
10 2.888205 7 15 392995.561508
10 2.888205 7 7 392995.561508
10 2.888205 7 13 392995.561508
8 2.888205 13 1 17.000000
9 2.888205 14 4 50000000.000000
10 2.888205 3 1 98095000.000000
10 2.888205 19 1 98095000.000000
9 2.888205 3 1 98095000.000000
9 2.888205 19 1 98095000.000000
9 2.888205 3 4 48492000.000000
9 2.888205 19 4 48492000.000000
10 2.906308 3 1 98095000.000000
10 2.906308 19 1 98095000.000000
8 2.908511 13 1 18.000000
9 2.908511 14 1 50000000.000000
9 2.908511 3 1 98095000.000000
9 2.908511 19 1 98095000.000000
10 2.984313 3 3 76296000.000000
10 2.984313 19 3 76296000.000000
9 3.010022 7 13 5060664.718311
9 3.010022 7 7 5060664.718311
9 3.010022 7 10 5060664.718311
9 3.010022 7 14 5060664.718311
9 3.010022 7 12 5060664.718311
9 3.010022 7 11 5060664.718311
9 3.010022 7 11 253033.235916
9 3.010022 7 12 253033.235916
9 3.010022 7 14 253033.235916
9 3.010022 7 10 253033.235916
9 3.010022 7 7 253033.235916
9 3.010022 7 13 253033.235916
10 3.136758 3 5 48492000.000000
10 3.136758 19 5 48492000.000000
10 3.207624 7 13 5060664.718311
10 3.207624 7 7 5060664.718311
10 3.207624 7 10 5060664.718311
10 3.207624 7 14 5060664.718311
10 3.207624 7 12 5060664.718311
10 3.207624 7 11 5060664.718311
10 3.207624 7 11 253033.235916
10 3.207624 7 12 253033.235916
10 3.207624 7 14 253033.235916
10 3.207624 7 10 253033.235916
10 3.207624 7 7 253033.235916
10 3.207624 7 13 253033.235916
8 3.207624 13 1 19.000000
9 3.207624 14 3 50000000.000000
10 3.207624 3 1 98095000.000000
10 3.207624 19 1 98095000.000000
9 3.207624 3 1 98095000.000000
9 3.207624 19 1 98095000.000000
9 3.207624 3 3 76296000.000000
9 3.207624 19 3 76296000.000000
9 3.233063 7 13 5114134.701194
9 3.233063 18 13 5114134.701194
9 3.233063 7 7 5114134.701194
9 3.233063 18 7 5114134.701194
9 3.233063 7 10 5114134.701194
9 3.233063 18 10 5114134.701194
9 3.233063 7 14 5114134.701194
9 3.233063 18 14 5114134.701194
9 3.233063 7 12 5114134.701194
9 3.233063 18 12 5114134.701194
9 3.233063 7 6 5114134.701194
9 3.233063 18 6 5114134.701194
9 3.233063 7 8 5114134.701194
9 3.233063 18 8 5114134.701194
9 3.233063 7 8 255706.735060
9 3.233063 18 8 255706.735060
9 3.233063 7 6 255706.735060
9 3.233063 18 6 255706.735060
9 3.233063 7 12 255706.735060
9 3.233063 18 12 255706.735060
9 3.233063 7 14 255706.735060
9 3.233063 18 14 255706.735060
9 3.233063 7 10 255706.735060
9 3.233063 18 10 255706.735060
9 3.233063 7 7 255706.735060
9 3.233063 18 7 255706.735060
9 3.233063 7 13 255706.735060
9 3.233063 18 13 255706.735060
10 3.362321 3 2 76296000.000000
10 3.362321 19 2 76296000.000000
10 3.418221 3 1 98095000.000000
10 3.418221 19 1 98095000.000000
10 3.428600 7 13 5114134.701194
10 3.428600 18 13 5114134.701194
10 3.428600 7 7 5114134.701194
10 3.428600 18 7 5114134.701194
10 3.428600 7 10 5114134.701194
10 3.428600 18 10 5114134.701194
10 3.428600 7 14 5114134.701194
10 3.428600 18 14 5114134.701194
10 3.428600 7 12 5114134.701194
10 3.428600 18 12 5114134.701194
10 3.428600 7 6 5114134.701194
10 3.428600 18 6 5114134.701194
10 3.428600 7 8 5114134.701194
10 3.428600 18 8 5114134.701194
10 3.428600 7 8 255706.735060
10 3.428600 18 8 255706.735060
10 3.428600 7 6 255706.735060
10 3.428600 18 6 255706.735060
10 3.428600 7 12 255706.735060
10 3.428600 18 12 255706.735060
10 3.428600 7 14 255706.735060
10 3.428600 18 14 255706.735060
10 3.428600 7 10 255706.735060
10 3.428600 18 10 255706.735060
10 3.428600 7 7 255706.735060
10 3.428600 18 7 255706.735060
10 3.428600 7 13 255706.735060
10 3.428600 18 13 255706.735060
9 3.428600 14 5 50000000.000000
17 3.428600 15 0 17
9 3.428600 3 5 48492000.000000
9 3.428600 19 5 48492000.000000
9 3.447614 7 9 6660435.714286
10 3.447614 7 9 6660435.714286
8 3.447614 20 9 0.000000
9 3.447614 20 9 6660435.714286
10 3.447614 20 9 6660435.714286
9 3.447614 7 9 333021.785714
10 3.447614 7 9 333021.785714
9 3.447614 20 9 333021.785714
10 3.447614 20 9 333021.785714
10 3.862966 3 3 76296000.000000
10 3.862966 19 3 76296000.000000
9 3.888674 7 13 5060664.718311
10 3.888674 7 13 5060664.718311
9 3.888674 7 7 5060664.718311
10 3.888674 7 7 5060664.718311
9 3.888674 7 10 5060664.718311
10 3.888674 7 10 5060664.718311
9 3.888674 7 14 5060664.718311
10 3.888674 7 14 5060664.718311
9 3.888674 7 12 5060664.718311
10 3.888674 7 12 5060664.718311
9 3.888674 7 11 5060664.718311
10 3.888674 7 11 5060664.718311
9 3.888674 7 11 253033.235916
10 3.888674 7 11 253033.235916
9 3.888674 7 12 253033.235916
10 3.888674 7 12 253033.235916
9 3.888674 7 14 253033.235916
10 3.888674 7 14 253033.235916
9 3.888674 7 10 253033.235916
10 3.888674 7 10 253033.235916
9 3.888674 7 7 253033.235916
10 3.888674 7 7 253033.235916
9 3.888674 7 13 253033.235916
10 3.888674 7 13 253033.235916
10 3.919303 3 4 48492000.000000
10 3.919303 19 4 48492000.000000
9 3.935855 7 13 7859911.230163
10 3.935855 7 13 7859911.230163
9 3.935855 7 7 7859911.230163
10 3.935855 7 7 7859911.230163
9 3.935855 7 15 7859911.230163
10 3.935855 7 15 7859911.230163
9 3.935855 7 15 392995.561508
10 3.935855 7 15 392995.561508
9 3.935855 7 7 392995.561508
10 3.935855 7 7 392995.561508
9 3.935855 7 13 392995.561508
10 3.935855 7 13 392995.561508
10 4.459698 3 5 48492000.000000
10 4.459698 19 5 48492000.000000
9 4.485137 7 13 5114134.701194
10 4.485137 7 13 5114134.701194
9 4.485137 7 7 5114134.701194
10 4.485137 7 7 5114134.701194
9 4.485137 7 10 5114134.701194
10 4.485137 7 10 5114134.701194
9 4.485137 7 14 5114134.701194
10 4.485137 7 14 5114134.701194
9 4.485137 7 12 5114134.701194
10 4.485137 7 12 5114134.701194
9 4.485137 7 6 5114134.701194
10 4.485137 7 6 5114134.701194
9 4.485137 7 8 5114134.701194
10 4.485137 7 8 5114134.701194
9 4.485137 7 8 255706.735060
10 4.485137 7 8 255706.735060
9 4.485137 7 6 255706.735060
10 4.485137 7 6 255706.735060
9 4.485137 7 12 255706.735060
10 4.485137 7 12 255706.735060
9 4.485137 7 14 255706.735060
10 4.485137 7 14 255706.735060
9 4.485137 7 10 255706.735060
10 4.485137 7 10 255706.735060
9 4.485137 7 7 255706.735060
10 4.485137 7 7 255706.735060
9 4.485137 7 13 255706.735060
10 4.485137 7 13 255706.735060
7 4.485137 1 3
7 4.485137 1 1
7 4.485137 4 14
7 4.485137 4 12
7 4.485137 4 10
7 4.485137 4 7
7 4.485137 4 13
7 4.485137 4 15
7 4.485137 4 6
7 4.485137 4 8
7 4.485137 4 11
7 4.485137 4 9
7 4.485137 1 5
7 4.485137 1 2
7 4.485137 1 4
