#This file was generated using SimGrid-3.36.1
#[./simgrid_mwe ]
%EventDef PajeDefineContainerType 0
%       Alias string
%       Type string
%       Name string
%EndEventDef
%EventDef PajeDefineVariableType 1
%       Alias string
%       Type string
%       Name string
%       Color color
%EndEventDef
%EventDef PajeDefineStateType 2
%       Alias string
%       Type string
%       Name string
%EndEventDef
%EventDef PajeDefineEventType 3
%       Alias string
%       Type string
%       Name string
%EndEventDef
%EventDef PajeDefineLinkType 4
%       Alias string
%       Type string
%       StartContainerType string
%       EndContainerType string
%       Name string
%EndEventDef
%EventDef PajeDefineEntityValue 5
%       Alias string
%       Type string
%       Name string
%       Color color
%EndEventDef
%EventDef PajeCreateContainer 6
%       Time date
%       Alias string
%       Type string
%       Container string
%       Name string
%EndEventDef
%EventDef PajeDestroyContainer 7
%       Time date
%       Type string
%       Name string
%EndEventDef
%EventDef PajeSetVariable 8
%       Time date
%       Type string
%       Container string
%       Value double
%EndEventDef
%EventDef PajeAddVariable 9
%       Time date
%       Type string
%       Container string
%       Value double
%EndEventDef
%EventDef PajeSubVariable 10
%       Time date
%       Type string
%       Container string
%       Value double
%EndEventDef
%EventDef PajeSetState 11
%       Time date
%       Type string
%       Container string
%       Value string
%EndEventDef
%EventDef PajePushState 12
%       Time date
%       Type string
%       Container string
%       Value string
%EndEventDef
%EventDef PajePopState 13
%       Time date
%       Type string
%       Container string
%EndEventDef
%EventDef PajeResetState 14
%       Time date
%       Type string
%       Container string
%EndEventDef
%EventDef PajeStartLink 15
%       Time date
%       Type string
%       Container string
%       Value string
%       StartContainer string
%       Key string
%EndEventDef
%EventDef PajeEndLink 16
%       Time date
%       Type string
%       Container string
%       Value string
%       EndContainer string
%       Key string
%EndEventDef
%EventDef PajeNewEvent 17
%       Time date
%       Type string
%       Container string
%       Value string
%EndEventDef
0 1 0 HOST
6 0.000000 1 1 0 "host0"
1 2 1 speed "1 1 1"
1 3 1 core_count "1 1 1"
6 0.000000 2 1 0 "host1"
6 0.000000 3 1 0 "host2"
0 4 0 LINK
6 0.000000 4 4 0 "link0"
1 5 4 bandwidth "1 1 1"
1 6 4 latency "1 1 1"
6 0.000000 5 4 0 "link1"
6 0.000000 6 4 0 "link2"
4 7 0 4 1 0-LINK4-HOST1
4 8 0 1 4 0-HOST1-LINK4
4 9 0 4 4 0-LINK4-LINK4
8 0.000000 2 1 1000000000.000000
8 0.000000 3 1 1.000000
8 0.000000 2 2 2000000000.000000
8 0.000000 3 2 1.000000
8 0.000000 2 3 40000000000.000000
8 0.000000 3 3 1.000000
8 0.000000 5 4 125000000.000000
8 0.000000 6 4 0.000100
8 0.000000 5 5 50000000.000000
8 0.000000 6 5 0.000150
8 0.000000 5 6 250000000.000000
8 0.000000 6 6 0.000050
15 0.000000 7 0 topology 5 0
16 0.000000 7 0 topology 2 0
15 0.000000 7 0 topology 6 1
16 0.000000 7 0 topology 3 1
15 0.000000 8 0 topology 1 2
16 0.000000 8 0 topology 4 2
15 0.000000 9 0 topology 4 3
16 0.000000 9 0 topology 5 3
15 0.000000 9 0 topology 4 4
16 0.000000 9 0 topology 6 4
15 0.000000 9 0 topology 5 5
16 0.000000 9 0 topology 6 5
